<?xml version="1.0" encoding="UTF-8"?>
<testsuite xmlns:xsi="http://www.w3.org/2001/XMLSchema-instance" xsi:noNamespaceSchemaLocation="https://maven.apache.org/surefire/maven-surefire-plugin/xsd/surefire-test-report-3.0.xsd" version="3.0" name="com.restaurant.integration.ReservationIntegrationTest" time="0.134" tests="1" errors="0" skipped="0" failures="0">
  <properties>
    <property name="java.specification.version" value="18"/>
    <property name="sun.cpu.isalist" value="amd64"/>
    <property name="sun.jnu.encoding" value="Cp1256"/>
    <property name="java.class.path" value="C:\Users\Alhussienghader\Desktop\local-restaurant-order\lrom-integration-tests\target\test-classes;C:\Users\Alhussienghader\Desktop\local-restaurant-order\lrom-integration-tests\target\classes;C:\Users\Alhussienghader\Desktop\local-restaurant-order\lrom-services\target\classes;C:\Users\Alhussienghader\Desktop\local-restaurant-order\lrom-repository\target\classes;C:\Users\Alhussienghader\Desktop\local-restaurant-order\lrom-domain\target\classes;C:\Users\Alhussienghader\.m2\repository\org\junit\jupiter\junit-jupiter\5.8.2\junit-jupiter-5.8.2.jar;C:\Users\Alhussienghader\.m2\repository\org\junit\jupiter\junit-jupiter-api\5.8.2\junit-jupiter-api-5.8.2.jar;C:\Users\Alhussienghader\.m2\repository\org\opentest4j\opentest4j\1.2.0\opentest4j-1.2.0.jar;C:\Users\Alhussienghader\.m2\repository\org\junit\platform\junit-platform-commons\1.8.2\junit-platform-commons-1.8.2.jar;C:\Users\Alhussienghader\.m2\repository\org\apiguardian\apiguardian-api\1.1.2\apiguardian-api-1.1.2.jar;C:\Users\Alhussienghader\.m2\repository\org\junit\jupiter\junit-jupiter-params\5.8.2\junit-jupiter-params-5.8.2.jar;C:\Users\Alhussienghader\.m2\repository\org\junit\jupiter\junit-jupiter-engine\5.8.2\junit-jupiter-engine-5.8.2.jar;C:\Users\Alhussienghader\.m2\repository\org\junit\platform\junit-platform-engine\1.8.2\junit-platform-engine-1.8.2.jar;C:\Users\Alhussienghader\.m2\repository\org\testcontainers\testcontainers\1.16.0\testcontainers-1.16.0.jar;C:\Users\Alhussienghader\.m2\repository\junit\junit\4.12\junit-4.12.jar;C:\Users\Alhussienghader\.m2\repository\org\hamcrest\hamcrest-core\1.3\hamcrest-core-1.3.jar;C:\Users\Alhussienghader\.m2\repository\org\slf4j\slf4j-api\1.7.30\slf4j-api-1.7.30.jar;C:\Users\Alhussienghader\.m2\repository\org\apache\commons\commons-compress\1.20\commons-compress-1.20.jar;C:\Users\Alhussienghader\.m2\repository\org\rnorth\duct-tape\duct-tape\1.0.8\duct-tape-1.0.8.jar;C:\Users\Alhussienghader\.m2\repository\com\github\docker-java\docker-java-api\3.2.11\docker-java-api-3.2.11.jar;C:\Users\Alhussienghader\.m2\repository\com\fasterxml\jackson\core\jackson-annotations\2.10.3\jackson-annotations-2.10.3.jar;C:\Users\Alhussienghader\.m2\repository\com\github\docker-java\docker-java-transport-zerodep\3.2.11\docker-java-transport-zerodep-3.2.11.jar;C:\Users\Alhussienghader\.m2\repository\com\github\docker-java\docker-java-transport\3.2.11\docker-java-transport-3.2.11.jar;C:\Users\Alhussienghader\.m2\repository\net\java\dev\jna\jna\5.8.0\jna-5.8.0.jar;C:\Users\Alhussienghader\.m2\repository\org\testcontainers\junit-jupiter\1.16.0\junit-jupiter-1.16.0.jar;"/>
    <property name="java.vm.vendor" value="Oracle Corporation"/>
    <property name="sun.arch.data.model" value="64"/>
    <property name="user.variant" value=""/>
    <property name="java.vendor.url" value="https://java.oracle.com/"/>
    <property name="user.timezone" value="Asia/Damascus"/>
    <property name="os.name" value="Windows 11"/>
    <property name="java.vm.specification.version" value="18"/>
    <property name="sun.java.launcher" value="SUN_STANDARD"/>
    <property name="user.country" value="US"/>
    <property name="sun.boot.library.path" value="C:\Program Files\Java\jdk-18.0.2.1\bin"/>
    <property name="sun.java.command" value="C:\Users\Alhussienghader\AppData\Local\Temp\surefire8424426097040146092\surefirebooter-20250619152135980_9.jar C:\Users\Alhussienghader\AppData\Local\Temp\surefire8424426097040146092 2025-06-19T15-21-28_428-jvmRun1 surefire-20250619152135980_7tmp surefire_2-20250619152135980_8tmp"/>
    <property name="jdk.debug" value="release"/>
    <property name="surefire.test.class.path" value="C:\Users\Alhussienghader\Desktop\local-restaurant-order\lrom-integration-tests\target\test-classes;C:\Users\Alhussienghader\Desktop\local-restaurant-order\lrom-integration-tests\target\classes;C:\Users\Alhussienghader\Desktop\local-restaurant-order\lrom-services\target\classes;C:\Users\Alhussienghader\Desktop\local-restaurant-order\lrom-repository\target\classes;C:\Users\Alhussienghader\Desktop\local-restaurant-order\lrom-domain\target\classes;C:\Users\Alhussienghader\.m2\repository\org\junit\jupiter\junit-jupiter\5.8.2\junit-jupiter-5.8.2.jar;C:\Users\Alhussienghader\.m2\repository\org\junit\jupiter\junit-jupiter-api\5.8.2\junit-jupiter-api-5.8.2.jar;C:\Users\Alhussienghader\.m2\repository\org\opentest4j\opentest4j\1.2.0\opentest4j-1.2.0.jar;C:\Users\Alhussienghader\.m2\repository\org\junit\platform\junit-platform-commons\1.8.2\junit-platform-commons-1.8.2.jar;C:\Users\Alhussienghader\.m2\repository\org\apiguardian\apiguardian-api\1.1.2\apiguardian-api-1.1.2.jar;C:\Users\Alhussienghader\.m2\repository\org\junit\jupiter\junit-jupiter-params\5.8.2\junit-jupiter-params-5.8.2.jar;C:\Users\Alhussienghader\.m2\repository\org\junit\jupiter\junit-jupiter-engine\5.8.2\junit-jupiter-engine-5.8.2.jar;C:\Users\Alhussienghader\.m2\repository\org\junit\platform\junit-platform-engine\1.8.2\junit-platform-engine-1.8.2.jar;C:\Users\Alhussienghader\.m2\repository\org\testcontainers\testcontainers\1.16.0\testcontainers-1.16.0.jar;C:\Users\Alhussienghader\.m2\repository\junit\junit\4.12\junit-4.12.jar;C:\Users\Alhussienghader\.m2\repository\org\hamcrest\hamcrest-core\1.3\hamcrest-core-1.3.jar;C:\Users\Alhussienghader\.m2\repository\org\slf4j\slf4j-api\1.7.30\slf4j-api-1.7.30.jar;C:\Users\Alhussienghader\.m2\repository\org\apache\commons\commons-compress\1.20\commons-compress-1.20.jar;C:\Users\Alhussienghader\.m2\repository\org\rnorth\duct-tape\duct-tape\1.0.8\duct-tape-1.0.8.jar;C:\Users\Alhussienghader\.m2\repository\com\github\docker-java\docker-java-api\3.2.11\docker-java-api-3.2.11.jar;C:\Users\Alhussienghader\.m2\repository\com\fasterxml\jackson\core\jackson-annotations\2.10.3\jackson-annotations-2.10.3.jar;C:\Users\Alhussienghader\.m2\repository\com\github\docker-java\docker-java-transport-zerodep\3.2.11\docker-java-transport-zerodep-3.2.11.jar;C:\Users\Alhussienghader\.m2\repository\com\github\docker-java\docker-java-transport\3.2.11\docker-java-transport-3.2.11.jar;C:\Users\Alhussienghader\.m2\repository\net\java\dev\jna\jna\5.8.0\jna-5.8.0.jar;C:\Users\Alhussienghader\.m2\repository\org\testcontainers\junit-jupiter\1.16.0\junit-jupiter-1.16.0.jar;"/>
    <property name="sun.cpu.endian" value="little"/>
    <property name="user.home" value="C:\Users\Alhussienghader"/>
    <property name="user.language" value="en"/>
    <property name="java.specification.vendor" value="Oracle Corporation"/>
    <property name="java.version.date" value="2022-08-18"/>
    <property name="java.home" value="C:\Program Files\Java\jdk-18.0.2.1"/>
    <property name="file.separator" value="\"/>
    <property name="basedir" value="C:\Users\Alhussienghader\Desktop\local-restaurant-order\lrom-integration-tests"/>
    <property name="java.vm.compressedOopsMode" value="Zero based"/>
    <property name="line.separator" value="&#10;"/>
    <property name="java.vm.specification.vendor" value="Oracle Corporation"/>
    <property name="java.specification.name" value="Java Platform API Specification"/>
    <property name="surefire.real.class.path" value="C:\Users\Alhussienghader\AppData\Local\Temp\surefire8424426097040146092\surefirebooter-20250619152135980_9.jar"/>
    <property name="user.script" value=""/>
    <property name="sun.management.compiler" value="HotSpot 64-Bit Tiered Compilers"/>
    <property name="java.runtime.version" value="18.0.2.1+1-1"/>
    <property name="user.name" value="Alhussienghader"/>
    <property name="path.separator" value=";"/>
    <property name="os.version" value="10.0"/>
    <property name="java.runtime.name" value="Java(TM) SE Runtime Environment"/>
    <property name="file.encoding" value="UTF-8"/>
    <property name="java.vm.name" value="Java HotSpot(TM) 64-Bit Server VM"/>
    <property name="localRepository" value="C:\Users\Alhussienghader\.m2\repository"/>
    <property name="java.vendor.url.bug" value="https://bugreport.java.com/bugreport/"/>
    <property name="java.io.tmpdir" value="C:\Users\ALHUSS~1\AppData\Local\Temp\"/>
    <property name="java.version" value="18.0.2.1"/>
    <property name="user.dir" value="C:\Users\Alhussienghader\Desktop\local-restaurant-order\lrom-integration-tests"/>
    <property name="os.arch" value="amd64"/>
    <property name="java.vm.specification.name" value="Java Virtual Machine Specification"/>
    <property name="sun.os.patch.level" value=""/>
    <property name="native.encoding" value="Cp1256"/>
    <property name="java.library.path" value="C:\Program Files\Java\jdk-18.0.2.1\bin;C:\WINDOWS\Sun\Java\bin;C:\WINDOWS\system32;C:\WINDOWS;C:\Program Files\Python313\Scripts\;C:\Program Files\Python313\;C:\Program Files\Python39\Scripts\;C:\Program Files\Python39\;C:\Program Files\Common Files\Oracle\Java\javapath;C:\Program Files (x86)\Common Files\Oracle\Java\java8path;C:\Program Files (x86)\Common Files\Oracle\Java\javapath;C:\Program Files (x86)\Common Files\Intel\Shared Libraries\redist\intel64\compiler;C:\Program Files (x86)\VMware\bin\;C:\WINDOWS\system32;C:\WINDOWS;C:\WINDOWS\System32\Wbem;C:\WINDOWS\System32\WindowsPowerShell\v1.0\;C:\WINDOWS\System32\OpenSSH\;C:\Program Files\Git\cmd;C:\xampp\php;C:\ProgramData\ComposerSetup\bin;C:\Program Files\nodejs\;C:\ProgramData\Microsoft\Windows\Start Menu\Programs\Node.js;C:\Program Files\MATLAB\R2024b\runtime\win64;C:\Program Files\MATLAB\R2024b\bin;C:\Program Files\dotnet\;C:\Program Files\Go\bin;C:\Program Files\Docker\Docker\resources\bin;C:\Program Files\Apache\Maven\apache-maven-3.9.6\bin;C:\Users\Alhussienghader\AppData\Local\Microsoft\WindowsApps;C:\Users\Alhussienghader\AppData\Local\Programs\Microsoft VS Code\bin;C:\Users\Alhussienghader\AppData\Roaming\npm;C:\Program Files\JetBrains\PyCharm 2024.3.1.1\bin;;C:\Users\Alhussienghader\go\bin;C:\protoc\bin;%GOPATH%\bin;C:\Users\Alhussienghader\go\bin;;."/>
    <property name="java.vm.info" value="mixed mode, sharing"/>
    <property name="java.vendor" value="Oracle Corporation"/>
    <property name="java.vm.version" value="18.0.2.1+1-1"/>
    <property name="sun.io.unicode.encoding" value="UnicodeLittle"/>
    <property name="java.class.version" value="62.0"/>
  </properties>
  <testcase name="testReservationAndMenuIntegration" classname="com.restaurant.integration.ReservationIntegrationTest" time="0.081"/>
</testsuite>